<?xml version="1.0" encoding="UTF-8"?>
<robot generator="Robot 4.0.3 (Python 3.8.2 on darwin)" generated="20210714 13:09:07.049" rpa="false" schemaversion="2">
<suite id="s1" name="Test" source="/Users/sarputheen/PycharmProjects/robotFramework_Automation1/suites/test.robot">
<test id="s1-t1" name="Add a product in wish list and remove the same">
<kw name="Given I am on the WestwingNow home page (https://www.westwingnow.de)" library="Common_Functionality">
<kw name="Create Browser Webdriver" library="Common_Functionality">
<kw name="Evaluate" library="BuiltIn">
<var>${chrome_options}</var>
<arg>sys.modules['selenium.webdriver'].ChromeOptions()</arg>
<arg>sys</arg>
<doc>Evaluates the given expression in Python and returns the result.</doc>
<msg timestamp="20210714 13:09:07.294" level="INFO">${chrome_options} = &lt;selenium.webdriver.chrome.options.Options object at 0x7fcf05aea670&gt;</msg>
<status status="PASS" starttime="20210714 13:09:07.294" endtime="20210714 13:09:07.294"/>
</kw>
<kw name="Call Method" library="BuiltIn">
<arg>${chrome_options}</arg>
<arg>add_argument</arg>
<arg>--disable-dev-shm-usage</arg>
<doc>Calls the named method of the given object with the provided arguments.</doc>
<status status="PASS" starttime="20210714 13:09:07.294" endtime="20210714 13:09:07.294"/>
</kw>
<kw name="Call Method" library="BuiltIn">
<arg>${chrome_options}</arg>
<arg>add_argument</arg>
<arg>--no-sandbox</arg>
<doc>Calls the named method of the given object with the provided arguments.</doc>
<status status="PASS" starttime="20210714 13:09:07.294" endtime="20210714 13:09:07.295"/>
</kw>
<kw name="Call Method" library="BuiltIn">
<arg>${chrome_options}</arg>
<arg>add_argument</arg>
<arg>--headless</arg>
<doc>Calls the named method of the given object with the provided arguments.</doc>
<status status="PASS" starttime="20210714 13:09:07.295" endtime="20210714 13:09:07.295"/>
</kw>
<kw name="Create Webdriver" library="SeleniumLibrary">
<arg>driver_name=Chrome</arg>
<arg>alias=google</arg>
<arg>chrome_options=${chrome_options}</arg>
<arg>executable_path=${CHROME PATH}</arg>
<doc>Creates an instance of Selenium WebDriver.</doc>
<msg timestamp="20210714 13:09:07.295" level="INFO">Creating an instance of the Chrome WebDriver.</msg>
<status status="PASS" starttime="20210714 13:09:07.295" endtime="20210714 13:09:08.878"/>
</kw>
<kw name="Set Window Size" library="SeleniumLibrary">
<arg>1200</arg>
<arg>1000</arg>
<doc>Sets current windows size to given ``width`` and ``height``.</doc>
<status status="PASS" starttime="20210714 13:09:08.879" endtime="20210714 13:09:08.989"/>
</kw>
<status status="PASS" starttime="20210714 13:09:07.293" endtime="20210714 13:09:08.990"/>
</kw>
<kw name="Go To" library="SeleniumLibrary">
<arg>${URL}</arg>
<doc>Navigates the current browser window to the provided ``url``.</doc>
<msg timestamp="20210714 13:09:08.991" level="INFO">Opening url 'https://www.westwingnow.de/'</msg>
<status status="PASS" starttime="20210714 13:09:08.990" endtime="20210714 13:09:14.964"/>
</kw>
<kw name="Wait Until Element Is Visible" library="SeleniumLibrary">
<arg>${ACCEPT COOKIES}</arg>
<doc>Waits until the element ``locator`` is visible.</doc>
<status status="PASS" starttime="20210714 13:09:14.964" endtime="20210714 13:09:15.428"/>
</kw>
<kw name="Click Element" library="SeleniumLibrary">
<arg>${ACCEPT COOKIES}</arg>
<doc>Click the element identified by ``locator``.</doc>
<msg timestamp="20210714 13:09:15.429" level="INFO">Clicking element 'xpath://*[@id="onetrust-accept-btn-handler"]'.</msg>
<status status="PASS" starttime="20210714 13:09:15.428" endtime="20210714 13:09:15.519"/>
</kw>
<status status="PASS" starttime="20210714 13:09:07.293" endtime="20210714 13:09:15.519"/>
</kw>
<kw name="When I search for &quot;möbel&quot;" library="Home_Page">
<kw name="Input Text" library="SeleniumLibrary">
<arg>${SEARCH FIELD}</arg>
<arg>${SEARCH VALUE}</arg>
<doc>Types the given ``text`` into the text field identified by ``locator``.</doc>
<msg timestamp="20210714 13:09:15.520" level="INFO">Typing text 'möbel' into text field 'xpath://*[@data-testid='search-input']'.</msg>
<status status="PASS" starttime="20210714 13:09:15.520" endtime="20210714 13:09:15.888"/>
</kw>
<kw name="Press Keys" library="SeleniumLibrary">
<arg>${SEARCH FIELD}</arg>
<arg>ENTER</arg>
<doc>Simulates the user pressing key(s) to an element or on the active browser.</doc>
<msg timestamp="20210714 13:09:15.889" level="INFO">Sending key(s) ('ENTER',) to xpath://*[@data-testid='search-input'] element.</msg>
<msg timestamp="20210714 13:09:16.159" level="INFO">Pressing special key ENTER to element.</msg>
<msg timestamp="20210714 13:09:16.160" level="INFO">Releasing special key ENTER.</msg>
<status status="PASS" starttime="20210714 13:09:15.888" endtime="20210714 13:09:16.170"/>
</kw>
<kw name="Sleep" library="BuiltIn">
<arg>${WAIT TIME}</arg>
<doc>Pauses the test executed for the given time.</doc>
<msg timestamp="20210714 13:09:21.171" level="INFO">Slept 5 seconds</msg>
<status status="PASS" starttime="20210714 13:09:16.170" endtime="20210714 13:09:21.172"/>
</kw>
<status status="PASS" starttime="20210714 13:09:15.520" endtime="20210714 13:09:21.172"/>
</kw>
<kw name="Then I should see product listing page with a list of products" library="Home_Page">
<kw name="Get Element Count" library="SeleniumLibrary">
<var>${count}</var>
<arg>${PRODUCT LIST}</arg>
<doc>Returns the number of elements matching ``locator``.</doc>
<msg timestamp="20210714 13:09:21.198" level="INFO">${count} = 90</msg>
<status status="PASS" starttime="20210714 13:09:21.174" endtime="20210714 13:09:21.198"/>
</kw>
<kw name="Should Be True" library="BuiltIn">
<arg>${count}&gt;1</arg>
<doc>Fails if the given condition is not true.</doc>
<status status="PASS" starttime="20210714 13:09:21.198" endtime="20210714 13:09:21.199"/>
</kw>
<kw name="Sleep" library="BuiltIn">
<arg>${WAIT TIME}</arg>
<doc>Pauses the test executed for the given time.</doc>
<msg timestamp="20210714 13:09:26.200" level="INFO">Slept 5 seconds</msg>
<status status="PASS" starttime="20210714 13:09:21.199" endtime="20210714 13:09:26.201"/>
</kw>
<status status="PASS" starttime="20210714 13:09:21.173" endtime="20210714 13:09:26.201"/>
</kw>
<kw name="Then I should see the login/registration overlay" library="Common_Functionality">
<kw name="Element Should Be Visible" library="SeleniumLibrary">
<arg>${LOGIN OVERLAY}</arg>
<doc>Verifies that the element identified by ``locator`` is visible.</doc>
<msg timestamp="20210714 13:09:26.236" level="INFO">Element 'xpath://div[@data-testid="shop-to-club-popup-wrapper"]' is displayed.</msg>
<status status="PASS" starttime="20210714 13:09:26.203" endtime="20210714 13:09:26.236"/>
</kw>
<status status="PASS" starttime="20210714 13:09:26.202" endtime="20210714 13:09:26.236"/>
</kw>
<kw name="And I log in with username and password" library="Common_Functionality">
<kw name="Input Text" library="SeleniumLibrary">
<arg>${USERNAME FIELD}</arg>
<arg>${USERNAME}</arg>
<doc>Types the given ``text`` into the text field identified by ``locator``.</doc>
<msg timestamp="20210714 13:09:26.237" level="INFO">Typing text 'sarputheenabbash@gmail.com' into text field 'xpath://*[@type="email"]'.</msg>
<status status="PASS" starttime="20210714 13:09:26.237" endtime="20210714 13:09:26.351"/>
</kw>
<kw name="Input Text" library="SeleniumLibrary">
<arg>${PASSWORD FIELD}</arg>
<arg>${PASSWORD}</arg>
<doc>Types the given ``text`` into the text field identified by ``locator``.</doc>
<msg timestamp="20210714 13:09:26.351" level="INFO">Typing text 'Test@123' into text field 'xpath://*[@type="password"]'.</msg>
<status status="PASS" starttime="20210714 13:09:26.351" endtime="20210714 13:09:26.421"/>
</kw>
<kw name="Click Element" library="SeleniumLibrary">
<arg>${NEWS LETTER CHECKBOX}</arg>
<doc>Click the element identified by ``locator``.</doc>
<msg timestamp="20210714 13:09:26.421" level="INFO">Clicking element 'xpath://*[@name="isClubNewsletterSubscribed"]'.</msg>
<status status="PASS" starttime="20210714 13:09:26.421" endtime="20210714 13:09:26.560"/>
</kw>
<kw name="Click Element" library="SeleniumLibrary">
<arg>${LOGIN BUTTON}</arg>
<doc>Click the element identified by ``locator``.</doc>
<msg timestamp="20210714 13:09:26.561" level="INFO">Clicking element 'xpath://*[@type="submit"]'.</msg>
<status status="PASS" starttime="20210714 13:09:26.560" endtime="20210714 13:09:26.605"/>
</kw>
<status status="PASS" starttime="20210714 13:09:26.237" endtime="20210714 13:09:26.605"/>
</kw>
<kw name="When I click on wishlist icon of the first found product" library="Home_Page">
<kw name="Sleep" library="BuiltIn">
<arg>${WAIT TIME}</arg>
<doc>Pauses the test executed for the given time.</doc>
<msg timestamp="20210714 13:09:31.607" level="INFO">Slept 5 seconds</msg>
<status status="PASS" starttime="20210714 13:09:26.606" endtime="20210714 13:09:31.607"/>
</kw>
<kw name="Click Element" library="SeleniumLibrary">
<arg>${FIRST PRODUCT}</arg>
<doc>Click the element identified by ``locator``.</doc>
<msg timestamp="20210714 13:09:31.609" level="INFO">Clicking element 'xpath:(//button[@data-testid='wishlist-icon'])[1]'.</msg>
<status status="PASS" starttime="20210714 13:09:31.608" endtime="20210714 13:09:31.732"/>
</kw>
<status status="PASS" starttime="20210714 13:09:26.606" endtime="20210714 13:09:31.732"/>
</kw>
<kw name="Then the product should be added to the wishlist and the count should be 1" library="Home_Page">
<kw name="Sleep" library="BuiltIn">
<arg>${WAIT TIME}</arg>
<doc>Pauses the test executed for the given time.</doc>
<msg timestamp="20210714 13:09:36.736" level="INFO">Slept 5 seconds</msg>
<status status="PASS" starttime="20210714 13:09:31.733" endtime="20210714 13:09:36.736"/>
</kw>
<kw name="Element Should Contain" library="SeleniumLibrary">
<arg>${WISH LIST COUNT}</arg>
<arg>1</arg>
<doc>Verifies that element ``locator`` contains text ``expected``.</doc>
<msg timestamp="20210714 13:09:36.770" level="INFO">Element 'XPATH://div[@data-testid="wishlist-bubble"]/div/span/span' contains text '1'.</msg>
<status status="PASS" starttime="20210714 13:09:36.737" endtime="20210714 13:09:36.770"/>
</kw>
<status status="PASS" starttime="20210714 13:09:31.733" endtime="20210714 13:09:36.770"/>
</kw>
<kw name="And I go to the wishlist page" library="Home_Page">
<kw name="Sleep" library="BuiltIn">
<arg>${WAIT TIME}</arg>
<doc>Pauses the test executed for the given time.</doc>
<msg timestamp="20210714 13:09:41.772" level="INFO">Slept 5 seconds</msg>
<status status="PASS" starttime="20210714 13:09:36.771" endtime="20210714 13:09:41.773"/>
</kw>
<kw name="Click Element" library="SeleniumLibrary">
<arg>${WISH LIST ICON}</arg>
<doc>Click the element identified by ``locator``.</doc>
<msg timestamp="20210714 13:09:41.774" level="INFO">Clicking element 'xpath://*[@class='icon-wishlist']'.</msg>
<status status="PASS" starttime="20210714 13:09:41.773" endtime="20210714 13:09:43.708"/>
</kw>
<status status="PASS" starttime="20210714 13:09:36.771" endtime="20210714 13:09:43.708"/>
</kw>
<kw name="And I delete the product from my wishlist" library="Wish_List">
<kw name="Sleep" library="BuiltIn">
<arg>${WAIT TIME}</arg>
<doc>Pauses the test executed for the given time.</doc>
<msg timestamp="20210714 13:09:48.711" level="INFO">Slept 5 seconds</msg>
<status status="PASS" starttime="20210714 13:09:43.708" endtime="20210714 13:09:48.711"/>
</kw>
<kw name="Click Element" library="SeleniumLibrary">
<arg>${DELETE FIRST PRODUCT}</arg>
<doc>Click the element identified by ``locator``.</doc>
<msg timestamp="20210714 13:09:48.713" level="INFO">Clicking element 'xpath://*[@class="listProducts"]/li[1]/button'.</msg>
<status status="PASS" starttime="20210714 13:09:48.712" endtime="20210714 13:09:48.779"/>
</kw>
<kw name="Sleep" library="BuiltIn">
<arg>${WAIT TIME}</arg>
<doc>Pauses the test executed for the given time.</doc>
<msg timestamp="20210714 13:09:53.781" level="INFO">Slept 5 seconds</msg>
<status status="PASS" starttime="20210714 13:09:48.779" endtime="20210714 13:09:53.781"/>
</kw>
<status status="PASS" starttime="20210714 13:09:43.708" endtime="20210714 13:09:53.782"/>
</kw>
<kw name="Then I Close the Browser" library="Common_Functionality">
<kw name="Close Browser" library="SeleniumLibrary">
<doc>Closes the current browser.</doc>
<status status="PASS" starttime="20210714 13:09:53.784" endtime="20210714 13:09:53.892"/>
</kw>
<status status="PASS" starttime="20210714 13:09:53.783" endtime="20210714 13:09:53.892"/>
</kw>
<tag>addWishList</tag>
<status status="PASS" starttime="20210714 13:09:07.292" endtime="20210714 13:09:53.893"/>
</test>
<status status="PASS" starttime="20210714 13:09:07.051" endtime="20210714 13:09:53.893"/>
</suite>
<statistics>
<total>
<stat pass="1" fail="0" skip="0">All Tests</stat>
</total>
<tag>
<stat pass="1" fail="0" skip="0">addWishList</stat>
</tag>
<suite>
<stat pass="1" fail="0" skip="0" id="s1" name="Test">Test</stat>
</suite>
</statistics>
<errors>
</errors>
</robot>
